===================================
 SwinUNETR Training Started
===================================
Total files: 41
Training files: 33
Validation files: 8
--- SwinUNETR 訓練開始 (Device: cuda) ---
Epoch 1/300, Train Loss: 0.4889
Epoch 2/300, Train Loss: 0.4293
--- Validation Dice: 0.1420 ---
>>> SAVED NEW BEST MODEL
Epoch 3/300, Train Loss: 0.3629
Epoch 4/300, Train Loss: 0.3556
--- Validation Dice: 0.2097 ---
>>> SAVED NEW BEST MODEL
Epoch 5/300, Train Loss: 0.3221
Epoch 6/300, Train Loss: 0.3551
--- Validation Dice: 0.2248 ---
>>> SAVED NEW BEST MODEL
Epoch 7/300, Train Loss: 0.2857
Epoch 8/300, Train Loss: 0.3166
--- Validation Dice: 0.1532 ---
>>> No improvement for 1 evaluation(s)
Epoch 9/300, Train Loss: 0.2782
Epoch 10/300, Train Loss: 0.2824
--- Validation Dice: 0.1760 ---
>>> No improvement for 2 evaluation(s)
Epoch 11/300, Train Loss: 0.2627
Epoch 12/300, Train Loss: 0.2818
--- Validation Dice: 0.3866 ---
>>> SAVED NEW BEST MODEL
Epoch 13/300, Train Loss: 0.2637
Epoch 14/300, Train Loss: 0.2722
--- Validation Dice: 0.3413 ---
>>> No improvement for 1 evaluation(s)
Epoch 15/300, Train Loss: 0.1990
Epoch 16/300, Train Loss: 0.2525
--- Validation Dice: 0.4892 ---
>>> SAVED NEW BEST MODEL
Epoch 17/300, Train Loss: 0.2117
Epoch 18/300, Train Loss: 0.2650
--- Validation Dice: 0.3726 ---
>>> No improvement for 1 evaluation(s)
Epoch 19/300, Train Loss: 0.2859
Epoch 20/300, Train Loss: 0.2421
--- Validation Dice: 0.2939 ---
>>> No improvement for 2 evaluation(s)
Epoch 21/300, Train Loss: 0.2557
Epoch 22/300, Train Loss: 0.2646
--- Validation Dice: 0.6846 ---
>>> SAVED NEW BEST MODEL
Epoch 23/300, Train Loss: 0.2148
Epoch 24/300, Train Loss: 0.2775
--- Validation Dice: 0.6823 ---
>>> No improvement for 1 evaluation(s)
Epoch 25/300, Train Loss: 0.2456
Epoch 26/300, Train Loss: 0.2770
--- Validation Dice: 0.3650 ---
>>> No improvement for 2 evaluation(s)
Epoch 27/300, Train Loss: 0.2636
Epoch 28/300, Train Loss: 0.2219
--- Validation Dice: 0.5438 ---
>>> No improvement for 3 evaluation(s)
Epoch 29/300, Train Loss: 0.2566
Epoch 30/300, Train Loss: 0.2887
--- Validation Dice: 0.6391 ---
>>> No improvement for 4 evaluation(s)
Epoch 31/300, Train Loss: 0.2474
Epoch 32/300, Train Loss: 0.2366
--- Validation Dice: 0.5126 ---
>>> No improvement for 5 evaluation(s)
Epoch 33/300, Train Loss: 0.2163
Epoch 34/300, Train Loss: 0.2284
--- Validation Dice: 0.8653 ---
>>> SAVED NEW BEST MODEL
Epoch 35/300, Train Loss: 0.2292
Epoch 36/300, Train Loss: 0.2477
--- Validation Dice: 0.3869 ---
>>> No improvement for 1 evaluation(s)
Epoch 37/300, Train Loss: 0.2387
Epoch 38/300, Train Loss: 0.2130
--- Validation Dice: 0.6333 ---
>>> No improvement for 2 evaluation(s)
Epoch 39/300, Train Loss: 0.1760
Epoch 40/300, Train Loss: 0.1929
--- Validation Dice: 0.7439 ---
>>> No improvement for 3 evaluation(s)
Epoch 41/300, Train Loss: 0.2732
Epoch 42/300, Train Loss: 0.2145
--- Validation Dice: 0.7741 ---
>>> No improvement for 4 evaluation(s)
Epoch 43/300, Train Loss: 0.1506
Epoch 44/300, Train Loss: 0.2080
--- Validation Dice: 0.8240 ---
>>> No improvement for 5 evaluation(s)
Epoch 45/300, Train Loss: 0.2059
Epoch 46/300, Train Loss: 0.1827
--- Validation Dice: 0.7341 ---
>>> No improvement for 6 evaluation(s)
Epoch 47/300, Train Loss: 0.2052
Epoch 48/300, Train Loss: 0.2534
--- Validation Dice: 0.7145 ---
>>> No improvement for 7 evaluation(s)
Epoch 49/300, Train Loss: 0.2224
Epoch 50/300, Train Loss: 0.2363
--- Validation Dice: 0.8675 ---
>>> SAVED NEW BEST MODEL
Epoch 51/300, Train Loss: 0.1954
Epoch 52/300, Train Loss: 0.1999
--- Validation Dice: 0.5697 ---
>>> No improvement for 1 evaluation(s)
Epoch 53/300, Train Loss: 0.2261
Epoch 54/300, Train Loss: 0.2274
--- Validation Dice: 0.7584 ---
>>> No improvement for 2 evaluation(s)
Epoch 55/300, Train Loss: 0.2317
Epoch 56/300, Train Loss: 0.2155
--- Validation Dice: 0.8481 ---
>>> No improvement for 3 evaluation(s)
Epoch 57/300, Train Loss: 0.2493
Epoch 58/300, Train Loss: 0.2106
--- Validation Dice: 0.8825 ---
>>> SAVED NEW BEST MODEL
Epoch 59/300, Train Loss: 0.2838
Epoch 60/300, Train Loss: 0.2515
--- Validation Dice: 0.8312 ---
>>> No improvement for 1 evaluation(s)
Epoch 61/300, Train Loss: 0.2370
Epoch 62/300, Train Loss: 0.2304
--- Validation Dice: 0.8282 ---
>>> No improvement for 2 evaluation(s)
Epoch 63/300, Train Loss: 0.1828
Epoch 64/300, Train Loss: 0.1993
--- Validation Dice: 0.8590 ---
>>> No improvement for 3 evaluation(s)
Epoch 65/300, Train Loss: 0.2454
Epoch 66/300, Train Loss: 0.2391
--- Validation Dice: 0.8711 ---
>>> No improvement for 4 evaluation(s)
Epoch 67/300, Train Loss: 0.1330
Epoch 68/300, Train Loss: 0.2273
--- Validation Dice: 0.8625 ---
>>> No improvement for 5 evaluation(s)
Epoch 69/300, Train Loss: 0.2299
Epoch 70/300, Train Loss: 0.2180
--- Validation Dice: 0.7825 ---
>>> No improvement for 6 evaluation(s)
Epoch 71/300, Train Loss: 0.1967
Epoch 72/300, Train Loss: 0.1649
--- Validation Dice: 0.7151 ---
>>> No improvement for 7 evaluation(s)
Epoch 73/300, Train Loss: 0.1956
Epoch 74/300, Train Loss: 0.2099
--- Validation Dice: 0.8441 ---
>>> No improvement for 8 evaluation(s)
Epoch 75/300, Train Loss: 0.2166
Epoch 76/300, Train Loss: 0.2254
--- Validation Dice: 0.8829 ---
>>> SAVED NEW BEST MODEL
Epoch 77/300, Train Loss: 0.1843
Epoch 78/300, Train Loss: 0.2269
--- Validation Dice: 0.7746 ---
>>> No improvement for 1 evaluation(s)
Epoch 79/300, Train Loss: 0.1718
Epoch 80/300, Train Loss: 0.2368
--- Validation Dice: 0.8672 ---
>>> No improvement for 2 evaluation(s)
Epoch 81/300, Train Loss: 0.1704
Epoch 82/300, Train Loss: 0.2336
--- Validation Dice: 0.8575 ---
>>> No improvement for 3 evaluation(s)
Epoch 83/300, Train Loss: 0.2316
Epoch 84/300, Train Loss: 0.2180
--- Validation Dice: 0.8635 ---
>>> No improvement for 4 evaluation(s)
Epoch 85/300, Train Loss: 0.1875
Epoch 86/300, Train Loss: 0.1412
--- Validation Dice: 0.8768 ---
>>> No improvement for 5 evaluation(s)
Epoch 87/300, Train Loss: 0.1788
Epoch 88/300, Train Loss: 0.1993
--- Validation Dice: 0.8779 ---
>>> No improvement for 6 evaluation(s)
Epoch 89/300, Train Loss: 0.1933
Epoch 90/300, Train Loss: 0.2109
--- Validation Dice: 0.8780 ---
>>> No improvement for 7 evaluation(s)
Epoch 91/300, Train Loss: 0.2258
Epoch 92/300, Train Loss: 0.1957
--- Validation Dice: 0.8797 ---
>>> No improvement for 8 evaluation(s)
Epoch 93/300, Train Loss: 0.2049
Epoch 94/300, Train Loss: 0.2368
--- Validation Dice: 0.8800 ---
>>> No improvement for 9 evaluation(s)
Epoch 95/300, Train Loss: 0.2064
Epoch 96/300, Train Loss: 0.2042
--- Validation Dice: 0.8803 ---
>>> No improvement for 10 evaluation(s)
Epoch 97/300, Train Loss: 0.2163
Epoch 98/300, Train Loss: 0.2208
--- Validation Dice: 0.8807 ---
>>> No improvement for 11 evaluation(s)
Epoch 99/300, Train Loss: 0.2194
Epoch 100/300, Train Loss: 0.1813
--- Validation Dice: 0.8807 ---
>>> No improvement for 12 evaluation(s)
Epoch 101/300, Train Loss: 0.2415
Epoch 102/300, Train Loss: 0.2113
--- Validation Dice: 0.8807 ---
>>> No improvement for 13 evaluation(s)
Epoch 103/300, Train Loss: 0.2179
Epoch 104/300, Train Loss: 0.1954
--- Validation Dice: 0.8807 ---
>>> No improvement for 14 evaluation(s)
Epoch 105/300, Train Loss: 0.1983
Epoch 106/300, Train Loss: 0.1760
--- Validation Dice: 0.8827 ---
>>> No improvement for 15 evaluation(s)
Epoch 107/300, Train Loss: 0.2019
Epoch 108/300, Train Loss: 0.1853
--- Validation Dice: 0.8824 ---
>>> No improvement for 16 evaluation(s)
Epoch 109/300, Train Loss: 0.2061
Epoch 110/300, Train Loss: 0.2112
--- Validation Dice: 0.8881 ---
>>> SAVED NEW BEST MODEL
Epoch 111/300, Train Loss: 0.2155
Epoch 112/300, Train Loss: 0.1704
--- Validation Dice: 0.8836 ---
>>> No improvement for 1 evaluation(s)
Epoch 113/300, Train Loss: 0.2233
Epoch 114/300, Train Loss: 0.2351
--- Validation Dice: 0.8856 ---
>>> No improvement for 2 evaluation(s)
Epoch 115/300, Train Loss: 0.1695
Epoch 116/300, Train Loss: 0.1938
--- Validation Dice: 0.8886 ---
>>> SAVED NEW BEST MODEL
Epoch 117/300, Train Loss: 0.1843
Epoch 118/300, Train Loss: 0.1683
--- Validation Dice: 0.8875 ---
>>> No improvement for 1 evaluation(s)
Epoch 119/300, Train Loss: 0.2010
Epoch 120/300, Train Loss: 0.2359
--- Validation Dice: 0.8901 ---
>>> SAVED NEW BEST MODEL
Epoch 121/300, Train Loss: 0.1625
Epoch 122/300, Train Loss: 0.2144
--- Validation Dice: 0.8938 ---
>>> SAVED NEW BEST MODEL
Epoch 123/300, Train Loss: 0.2085
Epoch 124/300, Train Loss: 0.2407
--- Validation Dice: 0.8544 ---
>>> No improvement for 1 evaluation(s)
Epoch 125/300, Train Loss: 0.2266
Epoch 126/300, Train Loss: 0.1993
--- Validation Dice: 0.8902 ---
>>> No improvement for 2 evaluation(s)
Epoch 127/300, Train Loss: 0.1692
Epoch 128/300, Train Loss: 0.2109
--- Validation Dice: 0.8869 ---
>>> No improvement for 3 evaluation(s)
Epoch 129/300, Train Loss: 0.1689
Epoch 130/300, Train Loss: 0.1778
--- Validation Dice: 0.7282 ---
>>> No improvement for 4 evaluation(s)
Epoch 131/300, Train Loss: 0.1791
Epoch 132/300, Train Loss: 0.2347
--- Validation Dice: 0.8142 ---
>>> No improvement for 5 evaluation(s)
Epoch 133/300, Train Loss: 0.2201
Epoch 134/300, Train Loss: 0.2324
--- Validation Dice: 0.8288 ---
>>> No improvement for 6 evaluation(s)
Epoch 135/300, Train Loss: 0.2230
Epoch 136/300, Train Loss: 0.2239
--- Validation Dice: 0.8731 ---
>>> No improvement for 7 evaluation(s)
Epoch 137/300, Train Loss: 0.2066
Epoch 138/300, Train Loss: 0.2406
--- Validation Dice: 0.8918 ---
>>> No improvement for 8 evaluation(s)
Epoch 139/300, Train Loss: 0.2116
Epoch 140/300, Train Loss: 0.2214
--- Validation Dice: 0.7556 ---
>>> No improvement for 9 evaluation(s)
Epoch 141/300, Train Loss: 0.2379
Epoch 142/300, Train Loss: 0.2051
--- Validation Dice: 0.8015 ---
>>> No improvement for 10 evaluation(s)
Epoch 143/300, Train Loss: 0.2723
Epoch 144/300, Train Loss: 0.1983
--- Validation Dice: 0.8391 ---
>>> No improvement for 11 evaluation(s)
Epoch 145/300, Train Loss: 0.1922
Epoch 146/300, Train Loss: 0.1880
--- Validation Dice: 0.8769 ---
>>> No improvement for 12 evaluation(s)
Epoch 147/300, Train Loss: 0.2680
Epoch 148/300, Train Loss: 0.2380
--- Validation Dice: 0.8999 ---
>>> SAVED NEW BEST MODEL
Epoch 149/300, Train Loss: 0.2286
Epoch 150/300, Train Loss: 0.1579
--- Validation Dice: 0.8665 ---
>>> No improvement for 1 evaluation(s)
Epoch 151/300, Train Loss: 0.2179
Epoch 152/300, Train Loss: 0.2041
--- Validation Dice: 0.8521 ---
>>> No improvement for 2 evaluation(s)
Epoch 153/300, Train Loss: 0.2666
Epoch 154/300, Train Loss: 0.2130
--- Validation Dice: 0.4016 ---
>>> No improvement for 3 evaluation(s)
Epoch 155/300, Train Loss: 0.2353
Epoch 156/300, Train Loss: 0.2081
--- Validation Dice: 0.7275 ---
>>> No improvement for 4 evaluation(s)
Epoch 157/300, Train Loss: 0.1860
Epoch 158/300, Train Loss: 0.2426
--- Validation Dice: 0.8841 ---
>>> No improvement for 5 evaluation(s)
Epoch 159/300, Train Loss: 0.2141
Epoch 160/300, Train Loss: 0.2331
--- Validation Dice: 0.8191 ---
>>> No improvement for 6 evaluation(s)
Epoch 161/300, Train Loss: 0.2313
Epoch 162/300, Train Loss: 0.2271
--- Validation Dice: 0.6442 ---
>>> No improvement for 7 evaluation(s)
Epoch 163/300, Train Loss: 0.2297
Epoch 164/300, Train Loss: 0.2385
--- Validation Dice: 0.7341 ---
>>> No improvement for 8 evaluation(s)
Epoch 165/300, Train Loss: 0.2030
Epoch 166/300, Train Loss: 0.2414
--- Validation Dice: 0.7169 ---
>>> No improvement for 9 evaluation(s)
Epoch 167/300, Train Loss: 0.2412
Epoch 168/300, Train Loss: 0.2712
--- Validation Dice: 0.8294 ---
>>> No improvement for 10 evaluation(s)
Epoch 169/300, Train Loss: 0.1796
Epoch 170/300, Train Loss: 0.2013
--- Validation Dice: 0.7790 ---
>>> No improvement for 11 evaluation(s)
Epoch 171/300, Train Loss: 0.2153
Epoch 172/300, Train Loss: 0.1917
--- Validation Dice: 0.7537 ---
>>> No improvement for 12 evaluation(s)
Epoch 173/300, Train Loss: 0.1971
Epoch 174/300, Train Loss: 0.1611
--- Validation Dice: 0.8204 ---
>>> No improvement for 13 evaluation(s)
Epoch 175/300, Train Loss: 0.2027
Epoch 176/300, Train Loss: 0.2228
--- Validation Dice: 0.8056 ---
>>> No improvement for 14 evaluation(s)
Epoch 177/300, Train Loss: 0.2252
Epoch 178/300, Train Loss: 0.2529
--- Validation Dice: 0.7839 ---
>>> No improvement for 15 evaluation(s)
Epoch 179/300, Train Loss: 0.2344
Epoch 180/300, Train Loss: 0.2440
--- Validation Dice: 0.6144 ---
>>> No improvement for 16 evaluation(s)
Epoch 181/300, Train Loss: 0.2122
Epoch 182/300, Train Loss: 0.2028
--- Validation Dice: 0.5029 ---
>>> No improvement for 17 evaluation(s)
Epoch 183/300, Train Loss: 0.2532
Epoch 184/300, Train Loss: 0.2318
--- Validation Dice: 0.7154 ---
>>> No improvement for 18 evaluation(s)
Epoch 185/300, Train Loss: 0.2095
Epoch 186/300, Train Loss: 0.2041
--- Validation Dice: 0.8283 ---
>>> No improvement for 19 evaluation(s)
Epoch 187/300, Train Loss: 0.2109
Epoch 188/300, Train Loss: 0.1961
--- Validation Dice: 0.8791 ---
>>> No improvement for 20 evaluation(s)
Early stopping triggered. Best metric: 0.8999 at epoch 148
訓練完了! Best Dice: 0.8999 at Epoch: 148
===================================
 SwinUNETR Inference & Evaluation Started
===================================
Weights loaded: /home/s2610100/m-thesis/outputs/best_metric_model.pth

--- SwinUNETR 推論を開始します... (検証データ数: 9) ---
Saved visualization: /home/s2610100/m-thesis/outputs/vis/result_case_0_swin_fix.png
Saved visualization: /home/s2610100/m-thesis/outputs/vis/result_case_1_swin_fix.png
Saved visualization: /home/s2610100/m-thesis/outputs/vis/result_case_2_swin_fix.png

========================================
SwinUNETR 検証データ平均 Dice Score: 0.9071
========================================
===================================
 Pipeline Finished Successfully
===================================
