monai.transforms.spatial.dictionary Orientationd.__init__:labels: Current default value of argument `labels=(('L', 'R'), ('P', 'A'), ('I', 'S'))` was changed in version None from `labels=(('L', 'R'), ('P', 'A'), ('I', 'S'))` to `labels=None`. Default value changed to None meaning that the transform now uses the 'space' of a meta-tensor, if applicable, to determine appropriate axis labels.
Traceback (most recent call last):
  File "/home/s2610100/miniconda3/envs/m-thesis/lib/python3.10/site-packages/nibabel/loadsave.py", line 104, in load
    stat_result = os.stat(filename)
FileNotFoundError: [Errno 2] No such file or directory: '/home/s2610100/m-thesis/data/Task09_Spleen/imagesTr/spleen_1.nii.gz'

During handling of the above exception, another exception occurred:

Traceback (most recent call last):
  File "/home/s2610100/miniconda3/envs/m-thesis/lib/python3.10/site-packages/monai/transforms/transform.py", line 150, in apply_transform
    return _apply_transform(transform, data, unpack_items, lazy, overrides, log_stats)
  File "/home/s2610100/miniconda3/envs/m-thesis/lib/python3.10/site-packages/monai/transforms/transform.py", line 98, in _apply_transform
    return transform(data, lazy=lazy) if isinstance(transform, LazyTrait) else transform(data)
  File "/home/s2610100/miniconda3/envs/m-thesis/lib/python3.10/site-packages/monai/transforms/io/dictionary.py", line 163, in __call__
    data = self._loader(d[key], reader)
  File "/home/s2610100/miniconda3/envs/m-thesis/lib/python3.10/site-packages/monai/transforms/io/array.py", line 263, in __call__
    img = reader.read(filename)
  File "/home/s2610100/miniconda3/envs/m-thesis/lib/python3.10/site-packages/monai/data/image_reader.py", line 1090, in read
    img = nib.load(name, **kwargs_)
  File "/home/s2610100/miniconda3/envs/m-thesis/lib/python3.10/site-packages/nibabel/loadsave.py", line 106, in load
    raise FileNotFoundError(f"No such file or no access: '{filename}'")
FileNotFoundError: No such file or no access: '/home/s2610100/m-thesis/data/Task09_Spleen/imagesTr/spleen_1.nii.gz'

The above exception was the direct cause of the following exception:

Traceback (most recent call last):
  File "/home/s2610100/m-thesis/src/interpret_spleen.py", line 49, in <module>
    data_batch = next(iter(check_loader))
  File "/home/s2610100/miniconda3/envs/m-thesis/lib/python3.10/site-packages/torch/utils/data/dataloader.py", line 732, in __next__
    data = self._next_data()
  File "/home/s2610100/miniconda3/envs/m-thesis/lib/python3.10/site-packages/torch/utils/data/dataloader.py", line 788, in _next_data
    data = self._dataset_fetcher.fetch(index)  # may raise StopIteration
  File "/home/s2610100/miniconda3/envs/m-thesis/lib/python3.10/site-packages/torch/utils/data/_utils/fetch.py", line 52, in fetch
    data = [self.dataset[idx] for idx in possibly_batched_index]
  File "/home/s2610100/miniconda3/envs/m-thesis/lib/python3.10/site-packages/torch/utils/data/_utils/fetch.py", line 52, in <listcomp>
    data = [self.dataset[idx] for idx in possibly_batched_index]
  File "/home/s2610100/miniconda3/envs/m-thesis/lib/python3.10/site-packages/monai/data/dataset.py", line 109, in __getitem__
    return self._transform(index)
  File "/home/s2610100/miniconda3/envs/m-thesis/lib/python3.10/site-packages/monai/data/dataset.py", line 95, in _transform
    return self.transform(data_i)
  File "/home/s2610100/miniconda3/envs/m-thesis/lib/python3.10/site-packages/monai/transforms/compose.py", line 346, in __call__
    result = execute_compose(
  File "/home/s2610100/miniconda3/envs/m-thesis/lib/python3.10/site-packages/monai/transforms/compose.py", line 116, in execute_compose
    data = apply_transform(
  File "/home/s2610100/miniconda3/envs/m-thesis/lib/python3.10/site-packages/monai/transforms/transform.py", line 180, in apply_transform
    raise RuntimeError(f"applying transform {transform}") from e
RuntimeError: applying transform <monai.transforms.io.dictionary.LoadImaged object at 0x7f94dfb6baf0>
